<?xml version="1.0" encoding="UTF-8"?>
<!-- Generated by org.testng.reporters.JUnitReportReporter -->
<testsuite skipped="9" hostname="DESKTOP-JULTTG6" name="poly.selenium.SeleniumASM" tests="10" failures="0" timestamp="2020-11-27T23:32:21 ICT" time="0.615" errors="1">
  <testcase name="suitsetup" time="0.615" classname="poly.selenium.SeleniumASM">
    <error type="java.lang.IllegalStateException" message="The driver executable does not exist: D:\Poly\Nhom2_ASM_UD15102\Lib\chromedriver.exe">
      <![CDATA[java.lang.IllegalStateException: The driver executable does not exist: D:\Poly\Nhom2_ASM_UD15102\Lib\chromedriver.exe
at com.google.common.base.Preconditions.checkState(Preconditions.java:585)
at org.openqa.selenium.remote.service.DriverService.checkExecutable(DriverService.java:146)
at org.openqa.selenium.remote.service.DriverService.findExecutable(DriverService.java:141)
at org.openqa.selenium.chrome.ChromeDriverService.access$000(ChromeDriverService.java:35)
at org.openqa.selenium.chrome.ChromeDriverService$Builder.findDefaultExecutable(ChromeDriverService.java:159)
at org.openqa.selenium.remote.service.DriverService$Builder.build(DriverService.java:355)
at org.openqa.selenium.chrome.ChromeDriverService.createDefaultService(ChromeDriverService.java:94)
at org.openqa.selenium.chrome.ChromeDriver.<init>(ChromeDriver.java:123)
at poly.selenium.SeleniumASM.suitsetup(SeleniumASM.java:60)
at sun.reflect.NativeMethodAccessorImpl.invoke0(Native Method)
at sun.reflect.NativeMethodAccessorImpl.invoke(NativeMethodAccessorImpl.java:62)
at sun.reflect.DelegatingMethodAccessorImpl.invoke(DelegatingMethodAccessorImpl.java:43)
at java.lang.reflect.Method.invoke(Method.java:498)
at org.testng.internal.MethodInvocationHelper.invokeMethod(MethodInvocationHelper.java:132)
at org.testng.internal.MethodInvocationHelper.invokeMethodConsideringTimeout(MethodInvocationHelper.java:61)
at org.testng.internal.ConfigInvoker.invokeConfigurationMethod(ConfigInvoker.java:366)
at org.testng.internal.ConfigInvoker.invokeConfigurations(ConfigInvoker.java:320)
at org.testng.internal.TestMethodWorker.invokeBeforeClassMethods(TestMethodWorker.java:176)
at org.testng.internal.TestMethodWorker.run(TestMethodWorker.java:122)
at java.util.ArrayList.forEach(ArrayList.java:1259)
at org.testng.TestRunner.privateRun(TestRunner.java:764)
at org.testng.TestRunner.run(TestRunner.java:585)
at org.testng.SuiteRunner.runTest(SuiteRunner.java:384)
at org.testng.SuiteRunner.runSequentially(SuiteRunner.java:378)
at org.testng.SuiteRunner.privateRun(SuiteRunner.java:337)
at org.testng.SuiteRunner.run(SuiteRunner.java:286)
at org.testng.SuiteRunnerWorker.runSuite(SuiteRunnerWorker.java:53)
at org.testng.SuiteRunnerWorker.run(SuiteRunnerWorker.java:96)
at org.testng.TestNG.runSuitesSequentially(TestNG.java:1218)
at org.testng.TestNG.runSuitesLocally(TestNG.java:1140)
at org.testng.TestNG.runSuites(TestNG.java:1069)
at org.testng.TestNG.run(TestNG.java:1037)
at org.testng.remote.AbstractRemoteTestNG.run(AbstractRemoteTestNG.java:115)
at org.testng.remote.RemoteTestNG.initAndRun(RemoteTestNG.java:251)
at org.testng.remote.RemoteTestNG.main(RemoteTestNG.java:77)
]]>
    </error>
  </testcase> <!-- suitsetup -->
  <system-out/>
  <testcase name="Test1" time="0.000" classname="poly.selenium.SeleniumASM">
    <skipped/>
  </testcase> <!-- Test1 -->
  <system-out/>
  <testcase name="Test2" time="0.000" classname="poly.selenium.SeleniumASM">
    <skipped/>
  </testcase> <!-- Test2 -->
  <system-out/>
  <testcase name="Test3" time="0.000" classname="poly.selenium.SeleniumASM">
    <skipped/>
  </testcase> <!-- Test3 -->
  <system-out/>
  <testcase name="Test4" time="0.000" classname="poly.selenium.SeleniumASM">
    <skipped/>
  </testcase> <!-- Test4 -->
  <system-out/>
  <testcase name="Test5" time="0.000" classname="poly.selenium.SeleniumASM">
    <skipped/>
  </testcase> <!-- Test5 -->
  <system-out/>
  <testcase name="Test6" time="0.000" classname="poly.selenium.SeleniumASM">
    <skipped/>
  </testcase> <!-- Test6 -->
  <system-out/>
  <testcase name="Test7" time="0.000" classname="poly.selenium.SeleniumASM">
    <skipped/>
  </testcase> <!-- Test7 -->
  <system-out/>
  <testcase name="Test8" time="0.000" classname="poly.selenium.SeleniumASM">
    <skipped/>
  </testcase> <!-- Test8 -->
  <system-out/>
  <testcase name="suiteTearDown" time="0.000" classname="poly.selenium.SeleniumASM">
    <skipped/>
  </testcase> <!-- suiteTearDown -->
  <system-out/>
</testsuite> <!-- poly.selenium.SeleniumASM -->
